  main.cpp
c:\users\laptop\source\repos\inf1010sol\inf1010_tp\tp3\tp3 (2018-02-21-19h38)\tp3\main.cpp(49): error C2440: '<function-style-cast>' : impossible de convertir de 'initializer list' en 'Fournisseur'
  c:\users\laptop\source\repos\inf1010sol\inf1010_tp\tp3\tp3 (2018-02-21-19h38)\tp3\main.cpp(49): note: Aucun constructeur n'a pu prendre le type de source, ou la résolution de la surcharge du constructeur était ambiguë
c:\users\laptop\source\repos\inf1010sol\inf1010_tp\tp3\tp3 (2018-02-21-19h38)\tp3\main.cpp(49): error C2512: 'Fournisseur' : aucun constructeur par défaut approprié disponible
  c:\users\laptop\source\repos\inf1010sol\inf1010_tp\tp3\tp3 (2018-02-21-19h38)\tp3\fournisseur.h(20): note: voir la déclaration de 'Fournisseur'
  ProduitOrdinaire.cpp
c:\users\laptop\source\repos\inf1010sol\inf1010_tp\tp3\tp3 (2018-02-21-19h38)\tp3\produitordinaire.cpp(42): error C2679: '>>' binaire : aucun opérateur trouvé qui accepte un opérande de partie droite de type 'Produit' (ou il n'existe pas de conversion acceptable)
  c:\program files (x86)\microsoft visual studio\2017\community\vc\tools\msvc\14.12.25827\include\istream(474): note: est peut-être 'std::basic_istream<char,std::char_traits<char>> &std::basic_istream<char,std::char_traits<char>>::operator >>(std::basic_streambuf<char,std::char_traits<char>> *)'
  c:\program files (x86)\microsoft visual studio\2017\community\vc\tools\msvc\14.12.25827\include\istream(455): note: ou       'std::basic_istream<char,std::char_traits<char>> &std::basic_istream<char,std::char_traits<char>>::operator >>(void *&)'
  c:\program files (x86)\microsoft visual studio\2017\community\vc\tools\msvc\14.12.25827\include\istream(437): note: ou       'std::basic_istream<char,std::char_traits<char>> &std::basic_istream<char,std::char_traits<char>>::operator >>(long double &)'
  c:\program files (x86)\microsoft visual studio\2017\community\vc\tools\msvc\14.12.25827\include\istream(419): note: ou       'std::basic_istream<char,std::char_traits<char>> &std::basic_istream<char,std::char_traits<char>>::operator >>(double &)'
  c:\program files (x86)\microsoft visual studio\2017\community\vc\tools\msvc\14.12.25827\include\istream(400): note: ou       'std::basic_istream<char,std::char_traits<char>> &std::basic_istream<char,std::char_traits<char>>::operator >>(float &)'
  c:\program files (x86)\microsoft visual studio\2017\community\vc\tools\msvc\14.12.25827\include\istream(382): note: ou       'std::basic_istream<char,std::char_traits<char>> &std::basic_istream<char,std::char_traits<char>>::operator >>(unsigned __int64 &)'
  c:\program files (x86)\microsoft visual studio\2017\community\vc\tools\msvc\14.12.25827\include\istream(363): note: ou       'std::basic_istream<char,std::char_traits<char>> &std::basic_istream<char,std::char_traits<char>>::operator >>(__int64 &)'
  c:\program files (x86)\microsoft visual studio\2017\community\vc\tools\msvc\14.12.25827\include\istream(344): note: ou       'std::basic_istream<char,std::char_traits<char>> &std::basic_istream<char,std::char_traits<char>>::operator >>(unsigned long &)'
  c:\program files (x86)\microsoft visual studio\2017\community\vc\tools\msvc\14.12.25827\include\istream(326): note: ou       'std::basic_istream<char,std::char_traits<char>> &std::basic_istream<char,std::char_traits<char>>::operator >>(long &)'
  c:\program files (x86)\microsoft visual studio\2017\community\vc\tools\msvc\14.12.25827\include\istream(308): note: ou       'std::basic_istream<char,std::char_traits<char>> &std::basic_istream<char,std::char_traits<char>>::operator >>(unsigned int &)'
  c:\program files (x86)\microsoft visual studio\2017\community\vc\tools\msvc\14.12.25827\include\istream(282): note: ou       'std::basic_istream<char,std::char_traits<char>> &std::basic_istream<char,std::char_traits<char>>::operator >>(int &)'
  c:\program files (x86)\microsoft visual studio\2017\community\vc\tools\msvc\14.12.25827\include\istream(263): note: ou       'std::basic_istream<char,std::char_traits<char>> &std::basic_istream<char,std::char_traits<char>>::operator >>(unsigned short &)'
  c:\program files (x86)\microsoft visual studio\2017\community\vc\tools\msvc\14.12.25827\include\istream(228): note: ou       'std::basic_istream<char,std::char_traits<char>> &std::basic_istream<char,std::char_traits<char>>::operator >>(short &)'
  c:\program files (x86)\microsoft visual studio\2017\community\vc\tools\msvc\14.12.25827\include\istream(209): note: ou       'std::basic_istream<char,std::char_traits<char>> &std::basic_istream<char,std::char_traits<char>>::operator >>(bool &)'
  c:\program files (x86)\microsoft visual studio\2017\community\vc\tools\msvc\14.12.25827\include\istream(203): note: ou       'std::basic_istream<char,std::char_traits<char>> &std::basic_istream<char,std::char_traits<char>>::operator >>(std::ios_base &(__cdecl *)(std::ios_base &))'
  c:\program files (x86)\microsoft visual studio\2017\community\vc\tools\msvc\14.12.25827\include\istream(197): note: ou       'std::basic_istream<char,std::char_traits<char>> &std::basic_istream<char,std::char_traits<char>>::operator >>(std::basic_ios<char,std::char_traits<char>> &(__cdecl *)(std::basic_ios<char,std::char_traits<char>> &))'
  c:\program files (x86)\microsoft visual studio\2017\community\vc\tools\msvc\14.12.25827\include\istream(192): note: ou       'std::basic_istream<char,std::char_traits<char>> &std::basic_istream<char,std::char_traits<char>>::operator >>(std::basic_istream<char,std::char_traits<char>> &(__cdecl *)(std::basic_istream<char,std::char_traits<char>> &))'
  c:\users\laptop\source\repos\inf1010sol\inf1010_tp\tp3\tp3 (2018-02-21-19h38)\tp3\produitordinaire.cpp(40): note: ou       'std::istream &operator >>(std::istream &,ProduitOrdinaire &)'
  c:\users\laptop\source\repos\inf1010sol\inf1010_tp\tp3\tp3 (2018-02-21-19h38)\tp3\produit.h(40): note: ou       'std::istream &operator >>(std::istream &,Produit &)' [trouvé à l'aide d'une recherche dépendante d'un argument]
  c:\program files (x86)\microsoft visual studio\2017\community\vc\tools\msvc\14.12.25827\include\istream(1087): note: ou       'std::basic_istream<char,std::char_traits<char>> &std::operator >><char,std::char_traits<char>,Produit>(std::basic_istream<char,std::char_traits<char>> &&,_Ty &&)'
          with
          [
              _Ty=Produit
          ]
  c:\program files (x86)\microsoft visual studio\2017\community\vc\tools\msvc\14.12.25827\include\istream(1077): note: ou       'std::basic_istream<char,std::char_traits<char>> &std::operator >><std::char_traits<char>>(std::basic_istream<char,std::char_traits<char>> &,unsigned char &)'
  c:\program files (x86)\microsoft visual studio\2017\community\vc\tools\msvc\14.12.25827\include\istream(1070): note: ou       'std::basic_istream<char,std::char_traits<char>> &std::operator >><std::char_traits<char>>(std::basic_istream<char,std::char_traits<char>> &,unsigned char *)'
  c:\program files (x86)\microsoft visual studio\2017\community\vc\tools\msvc\14.12.25827\include\istream(1063): note: ou       'std::basic_istream<char,std::char_traits<char>> &std::operator >><std::char_traits<char>>(std::basic_istream<char,std::char_traits<char>> &,signed char &)'
  c:\program files (x86)\microsoft visual studio\2017\community\vc\tools\msvc\14.12.25827\include\istream(1056): note: ou       'std::basic_istream<char,std::char_traits<char>> &std::operator >><std::char_traits<char>>(std::basic_istream<char,std::char_traits<char>> &,signed char *)'
  c:\users\laptop\source\repos\inf1010sol\inf1010_tp\tp3\tp3 (2018-02-21-19h38)\tp3\produitordinaire.cpp(42): note: lors de la tentative de mise en correspondance de la liste des arguments '(std::istream, Produit)'
  ProduitAuxEncheres.cpp
c:\users\laptop\source\repos\inf1010sol\inf1010_tp\tp3\tp3 (2018-02-21-19h38)\tp3\produitauxencheres.cpp(43): error C2679: '>>' binaire : aucun opérateur trouvé qui accepte un opérande de partie droite de type 'Produit' (ou il n'existe pas de conversion acceptable)
  c:\program files (x86)\microsoft visual studio\2017\community\vc\tools\msvc\14.12.25827\include\istream(474): note: est peut-être 'std::basic_istream<char,std::char_traits<char>> &std::basic_istream<char,std::char_traits<char>>::operator >>(std::basic_streambuf<char,std::char_traits<char>> *)'
  c:\program files (x86)\microsoft visual studio\2017\community\vc\tools\msvc\14.12.25827\include\istream(455): note: ou       'std::basic_istream<char,std::char_traits<char>> &std::basic_istream<char,std::char_traits<char>>::operator >>(void *&)'
  c:\program files (x86)\microsoft visual studio\2017\community\vc\tools\msvc\14.12.25827\include\istream(437): note: ou       'std::basic_istream<char,std::char_traits<char>> &std::basic_istream<char,std::char_traits<char>>::operator >>(long double &)'
  c:\program files (x86)\microsoft visual studio\2017\community\vc\tools\msvc\14.12.25827\include\istream(419): note: ou       'std::basic_istream<char,std::char_traits<char>> &std::basic_istream<char,std::char_traits<char>>::operator >>(double &)'
  c:\program files (x86)\microsoft visual studio\2017\community\vc\tools\msvc\14.12.25827\include\istream(400): note: ou       'std::basic_istream<char,std::char_traits<char>> &std::basic_istream<char,std::char_traits<char>>::operator >>(float &)'
  c:\program files (x86)\microsoft visual studio\2017\community\vc\tools\msvc\14.12.25827\include\istream(382): note: ou       'std::basic_istream<char,std::char_traits<char>> &std::basic_istream<char,std::char_traits<char>>::operator >>(unsigned __int64 &)'
  c:\program files (x86)\microsoft visual studio\2017\community\vc\tools\msvc\14.12.25827\include\istream(363): note: ou       'std::basic_istream<char,std::char_traits<char>> &std::basic_istream<char,std::char_traits<char>>::operator >>(__int64 &)'
  c:\program files (x86)\microsoft visual studio\2017\community\vc\tools\msvc\14.12.25827\include\istream(344): note: ou       'std::basic_istream<char,std::char_traits<char>> &std::basic_istream<char,std::char_traits<char>>::operator >>(unsigned long &)'
  c:\program files (x86)\microsoft visual studio\2017\community\vc\tools\msvc\14.12.25827\include\istream(326): note: ou       'std::basic_istream<char,std::char_traits<char>> &std::basic_istream<char,std::char_traits<char>>::operator >>(long &)'
  c:\program files (x86)\microsoft visual studio\2017\community\vc\tools\msvc\14.12.25827\include\istream(308): note: ou       'std::basic_istream<char,std::char_traits<char>> &std::basic_istream<char,std::char_traits<char>>::operator >>(unsigned int &)'
  c:\program files (x86)\microsoft visual studio\2017\community\vc\tools\msvc\14.12.25827\include\istream(282): note: ou       'std::basic_istream<char,std::char_traits<char>> &std::basic_istream<char,std::char_traits<char>>::operator >>(int &)'
  c:\program files (x86)\microsoft visual studio\2017\community\vc\tools\msvc\14.12.25827\include\istream(263): note: ou       'std::basic_istream<char,std::char_traits<char>> &std::basic_istream<char,std::char_traits<char>>::operator >>(unsigned short &)'
  c:\program files (x86)\microsoft visual studio\2017\community\vc\tools\msvc\14.12.25827\include\istream(228): note: ou       'std::basic_istream<char,std::char_traits<char>> &std::basic_istream<char,std::char_traits<char>>::operator >>(short &)'
  c:\program files (x86)\microsoft visual studio\2017\community\vc\tools\msvc\14.12.25827\include\istream(209): note: ou       'std::basic_istream<char,std::char_traits<char>> &std::basic_istream<char,std::char_traits<char>>::operator >>(bool &)'
  c:\program files (x86)\microsoft visual studio\2017\community\vc\tools\msvc\14.12.25827\include\istream(203): note: ou       'std::basic_istream<char,std::char_traits<char>> &std::basic_istream<char,std::char_traits<char>>::operator >>(std::ios_base &(__cdecl *)(std::ios_base &))'
  c:\program files (x86)\microsoft visual studio\2017\community\vc\tools\msvc\14.12.25827\include\istream(197): note: ou       'std::basic_istream<char,std::char_traits<char>> &std::basic_istream<char,std::char_traits<char>>::operator >>(std::basic_ios<char,std::char_traits<char>> &(__cdecl *)(std::basic_ios<char,std::char_traits<char>> &))'
  c:\program files (x86)\microsoft visual studio\2017\community\vc\tools\msvc\14.12.25827\include\istream(192): note: ou       'std::basic_istream<char,std::char_traits<char>> &std::basic_istream<char,std::char_traits<char>>::operator >>(std::basic_istream<char,std::char_traits<char>> &(__cdecl *)(std::basic_istream<char,std::char_traits<char>> &))'
  c:\users\laptop\source\repos\inf1010sol\inf1010_tp\tp3\tp3 (2018-02-21-19h38)\tp3\produitauxencheres.cpp(41): note: ou       'std::istream &operator >>(std::istream &,ProduitAuxEncheres &)'
  c:\users\laptop\source\repos\inf1010sol\inf1010_tp\tp3\tp3 (2018-02-21-19h38)\tp3\produit.h(40): note: ou       'std::istream &operator >>(std::istream &,Produit &)' [trouvé à l'aide d'une recherche dépendante d'un argument]
  c:\program files (x86)\microsoft visual studio\2017\community\vc\tools\msvc\14.12.25827\include\istream(1087): note: ou       'std::basic_istream<char,std::char_traits<char>> &std::operator >><char,std::char_traits<char>,Produit>(std::basic_istream<char,std::char_traits<char>> &&,_Ty &&)'
          with
          [
              _Ty=Produit
          ]
  c:\program files (x86)\microsoft visual studio\2017\community\vc\tools\msvc\14.12.25827\include\istream(1077): note: ou       'std::basic_istream<char,std::char_traits<char>> &std::operator >><std::char_traits<char>>(std::basic_istream<char,std::char_traits<char>> &,unsigned char &)'
  c:\program files (x86)\microsoft visual studio\2017\community\vc\tools\msvc\14.12.25827\include\istream(1070): note: ou       'std::basic_istream<char,std::char_traits<char>> &std::operator >><std::char_traits<char>>(std::basic_istream<char,std::char_traits<char>> &,unsigned char *)'
  c:\program files (x86)\microsoft visual studio\2017\community\vc\tools\msvc\14.12.25827\include\istream(1063): note: ou       'std::basic_istream<char,std::char_traits<char>> &std::operator >><std::char_traits<char>>(std::basic_istream<char,std::char_traits<char>> &,signed char &)'
  c:\program files (x86)\microsoft visual studio\2017\community\vc\tools\msvc\14.12.25827\include\istream(1056): note: ou       'std::basic_istream<char,std::char_traits<char>> &std::operator >><std::char_traits<char>>(std::basic_istream<char,std::char_traits<char>> &,signed char *)'
  c:\users\laptop\source\repos\inf1010sol\inf1010_tp\tp3\tp3 (2018-02-21-19h38)\tp3\produitauxencheres.cpp(43): note: lors de la tentative de mise en correspondance de la liste des arguments '(std::istream, Produit)'
c:\users\laptop\source\repos\inf1010sol\inf1010_tp\tp3\tp3 (2018-02-21-19h38)\tp3\produitauxencheres.cpp(50): error C3867: 'ProduitAuxEncheres::obtenirPrixBase' : syntaxe non-standard ; utilisez '&' pour créer un pointeur vers un membre
  Panier.cpp
  Fournisseur.cpp
c:\users\laptop\source\repos\inf1010sol\inf1010_tp\tp3\tp3 (2018-02-21-19h38)\tp3\fournisseur.cpp(48): warning C4018: '<' : incompatibilité signed/unsigned
  Client.cpp
  Génération de code en cours...
c:\users\laptop\source\repos\inf1010sol\inf1010_tp\tp3\tp3 (2018-02-21-19h38)\tp3\client.cpp(106): error C4716: 'operator<<' : doit retourner une valeur
c:\users\laptop\source\repos\inf1010sol\inf1010_tp\tp3\tp3 (2018-02-21-19h38)\tp3\fournisseur.cpp(82): error C4716: 'operator<<' : doit retourner une valeur
c:\users\laptop\source\repos\inf1010sol\inf1010_tp\tp3\tp3 (2018-02-21-19h38)\tp3\panier.cpp(44): error C4716: 'Panier::calculerTotalApayer' : doit retourner une valeur
c:\users\laptop\source\repos\inf1010sol\inf1010_tp\tp3\tp3 (2018-02-21-19h38)\tp3\panier.cpp(92): error C4716: 'operator<<' : doit retourner une valeur
